<?xml version="1.0" encoding="UTF-8"?>
<testsuite name="com.saternos.tonotdo.CucumberTest" time="0.101" tests="4" errors="0" skipped="0" failures="0">
  <properties>
[...]
</properties>
  <testcase name="Given correct credentials" classname="Scenario: Success login" time="0.002"/>
  <testcase name="When I load the page" classname="Scenario: Success login" time="0"/>
  <testcase name="Then I should be able to log in" classname="Scenario: Success login" time="0"/>
  <testcase name="Scenario: Success login" classname="Scenario: Success login" time="0.099"/>
</testsuite>